<?xml version="1.0" encoding="UTF-8"?>
<!-- Generated by org.testng.reporters.JUnitReportReporter -->
<testsuite skipped="0" hostname="LAPTOP-UH0VBM6S" name="SampleTestCase.Iggnore" tests="4" failures="0" timestamp="2022-04-06T08:55:09 IST" time="0.015" errors="0">
  <testcase name="ee" time="0.001" classname="SampleTestCase.Iggnore"/>
  <system-out/>
  <testcase name="aa" time="0.010" classname="SampleTestCase.Iggnore"/>
  <system-out/>
  <testcase name="cc" time="0.002" classname="SampleTestCase.Iggnore"/>
  <system-out/>
  <testcase name="bb" time="0.002" classname="SampleTestCase.Iggnore"/>
  <system-out/>
</testsuite> <!-- SampleTestCase.Iggnore -->
