<?xml version="1.0" encoding="UTF-8"?>
<!-- Generated by org.testng.reporters.JUnitReportReporter -->
<testsuite skipped="0" hostname="LAPTOP-UH0VBM6S" name="SampleTestCase.DayOne1" tests="4" failures="0" timestamp="2022-04-04T14:28:48 IST" time="0.010" errors="0">
  <testcase name="thirdTestCase" time="0.001" classname="SampleTestCase.DayOne1"/>
  <system-out/>
  <testcase name="fourthTestCase" time="0.001" classname="SampleTestCase.DayOne1"/>
  <system-out/>
  <testcase name="secondTestCase" time="0.001" classname="SampleTestCase.DayOne1"/>
  <system-out/>
  <testcase name="firstTestCase" time="0.007" classname="SampleTestCase.DayOne1"/>
  <system-out/>
</testsuite> <!-- SampleTestCase.DayOne1 -->
