<?xml version="1.0" encoding="UTF-8"?>
<!-- Generated by org.testng.reporters.JUnitReportReporter -->
<testsuite skipped="0" hostname="LAPTOP-UH0VBM6S" name="SampleTestCase.Beast" tests="9" failures="0" timestamp="2022-04-05T10:14:46 IST" time="0.016" errors="0">
  <testcase name="preProduction" time="0.008" classname="SampleTestCase.Beast"/>
  <system-out/>
  <testcase name="shootStarts" time="0.002" classname="SampleTestCase.Beast"/>
  <system-out/>
  <testcase name="shootOver" time="0.001" classname="SampleTestCase.Beast"/>
  <system-out/>
  <testcase name="postProduction" time="0.000" classname="SampleTestCase.Beast"/>
  <system-out/>
  <testcase name="releaseDate" time="0.002" classname="SampleTestCase.Beast"/>
  <system-out/>
  <testcase name="Reservation" time="0.000" classname="SampleTestCase.Beast"/>
  <system-out/>
  <testcase name="release" time="0.001" classname="SampleTestCase.Beast"/>
  <system-out/>
  <testcase name="clash" time="0.001" classname="SampleTestCase.Beast"/>
  <system-out/>
  <testcase name="greens" time="0.001" classname="SampleTestCase.Beast"/>
  <system-out/>
</testsuite> <!-- SampleTestCase.Beast -->
